mode: set
github.com/vgeshiktor/rest_http_server/cmd/main.go:9.13,11.16 2 0
github.com/vgeshiktor/rest_http_server/cmd/main.go:11.16,14.3 2 0
github.com/vgeshiktor/rest_http_server/cmd/main.go:16.2,16.16 1 0
github.com/vgeshiktor/rest_http_server/pkg/http/routes.go:13.57,17.56 2 1
github.com/vgeshiktor/rest_http_server/pkg/http/routes.go:17.56,20.3 1 0
github.com/vgeshiktor/rest_http_server/pkg/http/routes.go:23.54,27.2 3 1
github.com/vgeshiktor/rest_http_server/pkg/http/routes.go:29.52,33.2 3 1
github.com/vgeshiktor/rest_http_server/pkg/http/routes.go:45.60,58.2 3 1
github.com/vgeshiktor/rest_http_server/pkg/http/routes.go:64.57,71.23 4 1
github.com/vgeshiktor/rest_http_server/pkg/http/routes.go:71.23,74.3 2 0
github.com/vgeshiktor/rest_http_server/pkg/http/routes.go:76.2,83.24 3 1
github.com/vgeshiktor/rest_http_server/pkg/http/routes.go:86.60,93.23 4 1
github.com/vgeshiktor/rest_http_server/pkg/http/routes.go:93.23,96.3 2 0
github.com/vgeshiktor/rest_http_server/pkg/http/routes.go:98.2,105.24 3 1
github.com/vgeshiktor/rest_http_server/pkg/http/routes.go:108.60,115.23 4 1
github.com/vgeshiktor/rest_http_server/pkg/http/routes.go:115.23,118.3 2 0
github.com/vgeshiktor/rest_http_server/pkg/http/routes.go:120.2,127.24 3 1
github.com/vgeshiktor/rest_http_server/pkg/http/server.go:22.64,28.2 1 0
github.com/vgeshiktor/rest_http_server/pkg/http/server.go:30.36,49.53 9 0
github.com/vgeshiktor/rest_http_server/pkg/http/server.go:49.53,52.4 2 0
github.com/vgeshiktor/rest_http_server/pkg/http/server.go:65.2,65.12 1 0
github.com/vgeshiktor/rest_http_server/pkg/http/server.go:65.12,67.43 2 0
github.com/vgeshiktor/rest_http_server/pkg/http/server.go:67.43,69.4 1 0
github.com/vgeshiktor/rest_http_server/pkg/http/server.go:69.9,69.24 1 0
github.com/vgeshiktor/rest_http_server/pkg/http/server.go:69.24,71.4 1 0
github.com/vgeshiktor/rest_http_server/pkg/http/server.go:72.3,72.14 1 0
github.com/vgeshiktor/rest_http_server/pkg/http/server.go:85.2,95.12 2 0
